<?xml version="1.0" encoding="utf-8"?><testsuites name="pytest tests"><testsuite name="pytest" errors="0" failures="0" skipped="0" tests="3" time="10.727" timestamp="2026-06-12T22:19:27.430896+00:00" hostname="agent-env-49530e64-7241-45e3-ae52-4816510f914a"><testcase classname="backend.tests.test_bb_cli.TestCLI" name="test_help_shows_subcommands" time="0.167" /><testcase classname="backend.tests.test_bb_cli.TestCLI" name="test_refuses_without_authorization" time="0.158" /><testcase classname="backend.tests.test_bb_cli.TestCLI" name="test_scan_json_output" time="10.385" /></testsuite></testsuites>