<?xml version="1.0" encoding="utf-8"?><testsuites name="pytest tests"><testsuite name="pytest" errors="0" failures="0" skipped="0" tests="6" time="8.640" timestamp="2026-06-13T16:31:35.020978+00:00" hostname="agent-env-49530e64-7241-45e3-ae52-4816510f914a"><testcase classname="backend.tests.test_bb_api_v11.TestExploitsEndpoint" name="test_exploits_returns_available_list" time="0.130" /><testcase classname="backend.tests.test_bb_api_v11.TestScanValidation" name="test_unknown_exploit_returns_400" time="0.044" /><testcase classname="backend.tests.test_bb_api_v11.TestScanValidation" name="test_accepts_new_fields" time="2.134" /><testcase classname="backend.tests.test_bb_api_v11.TestVulnE2E" name="test_finding_types_present" time="6.221" /><testcase classname="backend.tests.test_bb_api_v11.TestVulnE2E" name="test_severity_counts" time="0.000" /><testcase classname="backend.tests.test_bb_api_v11.TestVulnE2E" name="test_markdown_report_has_vulnerabilities_section" time="0.047" /></testsuite></testsuites>