<?xml version="1.0" encoding="utf-8"?><testsuites name="pytest tests"><testsuite name="pytest" errors="0" failures="0" skipped="0" tests="21" time="45.529" timestamp="2026-06-13T16:36:38.035289+00:00" hostname="agent-env-49530e64-7241-45e3-ae52-4816510f914a"><testcase classname="backend.tests.test_bb_api_v12_regression.TestNormalizeTargetPortPreserved" name="test_scan_with_host_port_no_scheme" time="6.430" /><testcase classname="backend.tests.test_bb_api_v12_regression.TestNormalizeTargetPortPreserved" name="test_scan_with_scheme_and_port" time="6.254" /><testcase classname="backend.tests.test_bb_api_v12_regression.TestMotorLoopRegression" name="test_list_scans_after_completed_scan" time="0.052" /><testcase classname="backend.tests.test_bb_api_v12_regression.TestMotorLoopRegression" name="test_delete_scan_after_completion" time="6.341" /><testcase classname="backend.tests.test_bb_api_v12_regression.TestExploitValidationStillWorks" name="test_unknown_exploit_returns_400" time="0.049" /><testcase classname="backend.tests.test_bb_api_v11.TestExploitsEndpoint" name="test_exploits_returns_available_list" time="0.126" /><testcase classname="backend.tests.test_bb_api_v11.TestScanValidation" name="test_unknown_exploit_returns_400" time="0.042" /><testcase classname="backend.tests.test_bb_api_v11.TestScanValidation" name="test_accepts_new_fields" time="2.138" /><testcase classname="backend.tests.test_bb_api_v11.TestVulnE2E" name="test_finding_types_present" time="6.229" /><testcase classname="backend.tests.test_bb_api_v11.TestVulnE2E" name="test_severity_counts" time="0.000" /><testcase classname="backend.tests.test_bb_api_v11.TestVulnE2E" name="test_markdown_report_has_vulnerabilities_section" time="0.044" /><testcase classname="backend.tests.test_bb_api.TestHealth" name="test_health_ok" time="0.126" /><testcase classname="backend.tests.test_bb_api.TestAuthorization" name="test_create_scan_without_authorization_returns_400" time="0.044" /><testcase classname="backend.tests.test_bb_api.TestAuthorization" name="test_create_scan_unknown_module_returns_400" time="0.045" /><testcase classname="backend.tests.test_bb_api.TestScanLifecycle" name="test_scan_result_shape" time="10.958" /><testcase classname="backend.tests.test_bb_api.TestScanLifecycle" name="test_list_scans_contains_created" time="0.045" /><testcase classname="backend.tests.test_bb_api.TestScanLifecycle" name="test_report_formats_non_empty[txt]" time="0.045" /><testcase classname="backend.tests.test_bb_api.TestScanLifecycle" name="test_report_formats_non_empty[json]" time="0.043" /><testcase classname="backend.tests.test_bb_api.TestScanLifecycle" name="test_report_formats_non_empty[md]" time="0.044" /><testcase classname="backend.tests.test_bb_api.TestScanLifecycle" name="test_get_scan_by_id_persisted" time="0.044" /><testcase classname="backend.tests.test_bb_api.TestDelete" name="test_delete_scan" time="6.354" /></testsuite></testsuites>