<?xml version="1.0" encoding="utf-8"?><testsuites name="pytest tests"><testsuite name="pytest" errors="0" failures="0" skipped="0" tests="6" time="6.758" timestamp="2026-06-13T16:48:40.132025+00:00" hostname="agent-env-49530e64-7241-45e3-ae52-4816510f914a"><testcase classname="backend.tests.test_bb_api_v13_replay_cvss.TestReplay" name="test_replay_get_basic" time="0.236" /><testcase classname="backend.tests.test_bb_api_v13_replay_cvss.TestReplay" name="test_replay_bad_scheme" time="0.047" /><testcase classname="backend.tests.test_bb_api_v13_replay_cvss.TestReplay" name="test_replay_post_with_body_and_cookie" time="0.049" /><testcase classname="backend.tests.test_bb_api_v13_replay_cvss.TestCVSSEnrichment" name="test_findings_have_cvss_and_curl" time="6.174" /><testcase classname="backend.tests.test_bb_api_v13_replay_cvss.TestCVSSEnrichment" name="test_md_report_has_cvss_and_curl_block" time="0.042" /><testcase classname="backend.tests.test_bb_api_v13_replay_cvss.TestScanListDelete" name="test_list_and_delete" time="0.136" /></testsuite></testsuites>