<?xml version="1.0" encoding="utf-8"?><testsuites name="pytest tests"><testsuite name="pytest" errors="0" failures="0" skipped="0" tests="10" time="16.205" timestamp="2026-06-12T22:18:29.213799+00:00" hostname="agent-env-49530e64-7241-45e3-ae52-4816510f914a"><testcase classname="backend.tests.test_bb_api.TestHealth" name="test_health_ok" time="0.124" /><testcase classname="backend.tests.test_bb_api.TestAuthorization" name="test_create_scan_without_authorization_returns_400" time="0.044" /><testcase classname="backend.tests.test_bb_api.TestAuthorization" name="test_create_scan_unknown_module_returns_400" time="0.044" /><testcase classname="backend.tests.test_bb_api.TestScanLifecycle" name="test_scan_result_shape" time="9.349" /><testcase classname="backend.tests.test_bb_api.TestScanLifecycle" name="test_list_scans_contains_created" time="0.043" /><testcase classname="backend.tests.test_bb_api.TestScanLifecycle" name="test_report_formats_non_empty[txt]" time="0.044" /><testcase classname="backend.tests.test_bb_api.TestScanLifecycle" name="test_report_formats_non_empty[json]" time="0.043" /><testcase classname="backend.tests.test_bb_api.TestScanLifecycle" name="test_report_formats_non_empty[md]" time="0.041" /><testcase classname="backend.tests.test_bb_api.TestScanLifecycle" name="test_get_scan_by_id_persisted" time="0.040" /><testcase classname="backend.tests.test_bb_api.TestDelete" name="test_delete_scan" time="6.356" /></testsuite></testsuites>